This is pdfTeX, Version 3.1415926-2.5-1.40.14 (TeX Live 2013) (format=pdflatex 2013.5.30)  7 FEB 2014 13:03
entering extended mode
 restricted \write18 enabled.
 file:line:error style messages enabled.
 %&-line parsing enabled.
**Screenshots.tex
(./Screenshots.tex
LaTeX2e <2011/06/27>
Babel <3.9f> and hyphenation patterns for 78 languages loaded.
(/usr/local/texlive/2013/texmf-dist/tex/latex/base/article.cls
Document Class: article 2007/10/19 v1.4h Standard LaTeX document class
(/usr/local/texlive/2013/texmf-dist/tex/latex/base/size12.clo
File: size12.clo 2007/10/19 v1.4h Standard LaTeX file (size option)
)
\c@part=\count79
\c@section=\count80
\c@subsection=\count81
\c@subsubsection=\count82
\c@paragraph=\count83
\c@subparagraph=\count84
\c@figure=\count85
\c@table=\count86
\abovecaptionskip=\skip41
\belowcaptionskip=\skip42
\bibindent=\dimen102
)
(/usr/local/texlive/2013/texmf-dist/tex/latex/base/fontenc.sty
Package: fontenc 2005/09/27 v1.99g Standard LaTeX package

(/usr/local/texlive/2013/texmf-dist/tex/latex/base/t1enc.def
File: t1enc.def 2005/09/27 v1.99g Standard LaTeX file
LaTeX Font Info:    Redeclaring font encoding T1 on input line 43.
))
(/usr/local/texlive/2013/texmf-dist/tex/latex/libertine/libertine.sty
Package: libertine 2013/02/13 (Bob Tennent) Supports Libertine and Biolinum fon
ts for all LaTeX engines.

(/usr/local/texlive/2013/texmf-dist/tex/generic/ifxetex/ifxetex.sty
Package: ifxetex 2010/09/12 v0.6 Provides ifxetex conditional
)
(/usr/local/texlive/2013/texmf-dist/tex/generic/oberdiek/ifluatex.sty
Package: ifluatex 2010/03/01 v1.3 Provides the ifluatex switch (HO)
Package ifluatex Info: LuaTeX not detected.
)
(/usr/local/texlive/2013/texmf-dist/tex/latex/xkeyval/xkeyval.sty
Package: xkeyval 2012/10/14 v2.6b package option processing (HA)

(/usr/local/texlive/2013/texmf-dist/tex/generic/xkeyval/xkeyval.tex
\XKV@toks=\toks14
\XKV@tempa@toks=\toks15
\XKV@depth=\count87
File: xkeyval.tex 2012/10/14 v2.6b key=value parser (HA)

(/usr/local/texlive/2013/texmf-dist/tex/generic/xkeyval/keyval.tex)))
(/usr/local/texlive/2013/texmf-dist/tex/latex/base/textcomp.sty
Package: textcomp 2005/09/27 v1.99g Standard LaTeX package
Package textcomp Info: Sub-encoding information:
(textcomp)               5 = only ISO-Adobe without \textcurrency
(textcomp)               4 = 5 + \texteuro
(textcomp)               3 = 4 + \textohm
(textcomp)               2 = 3 + \textestimated + \textcurrency
(textcomp)               1 = TS1 - \textcircled - \t
(textcomp)               0 = TS1 (full)
(textcomp)             Font families with sub-encoding setting implement
(textcomp)             only a restricted character set as indicated.
(textcomp)             Family '?' is the default used for unknown fonts.
(textcomp)             See the documentation for details.
Package textcomp Info: Setting ? sub-encoding to TS1/1 on input line 71.

(/usr/local/texlive/2013/texmf-dist/tex/latex/base/ts1enc.def
File: ts1enc.def 2001/06/05 v3.0e (jk/car/fm) Standard LaTeX file
)
LaTeX Info: Redefining \oldstylenums on input line 266.
Package textcomp Info: Setting cmr sub-encoding to TS1/0 on input line 281.
Package textcomp Info: Setting cmss sub-encoding to TS1/0 on input line 282.
Package textcomp Info: Setting cmtt sub-encoding to TS1/0 on input line 283.
Package textcomp Info: Setting cmvtt sub-encoding to TS1/0 on input line 284.
Package textcomp Info: Setting cmbr sub-encoding to TS1/0 on input line 285.
Package textcomp Info: Setting cmtl sub-encoding to TS1/0 on input line 286.
Package textcomp Info: Setting ccr sub-encoding to TS1/0 on input line 287.
Package textcomp Info: Setting ptm sub-encoding to TS1/4 on input line 288.
Package textcomp Info: Setting pcr sub-encoding to TS1/4 on input line 289.
Package textcomp Info: Setting phv sub-encoding to TS1/4 on input line 290.
Package textcomp Info: Setting ppl sub-encoding to TS1/3 on input line 291.
Package textcomp Info: Setting pag sub-encoding to TS1/4 on input line 292.
Package textcomp Info: Setting pbk sub-encoding to TS1/4 on input line 293.
Package textcomp Info: Setting pnc sub-encoding to TS1/4 on input line 294.
Package textcomp Info: Setting pzc sub-encoding to TS1/4 on input line 295.
Package textcomp Info: Setting bch sub-encoding to TS1/4 on input line 296.
Package textcomp Info: Setting put sub-encoding to TS1/5 on input line 297.
Package textcomp Info: Setting uag sub-encoding to TS1/5 on input line 298.
Package textcomp Info: Setting ugq sub-encoding to TS1/5 on input line 299.
Package textcomp Info: Setting ul8 sub-encoding to TS1/4 on input line 300.
Package textcomp Info: Setting ul9 sub-encoding to TS1/4 on input line 301.
Package textcomp Info: Setting augie sub-encoding to TS1/5 on input line 302.
Package textcomp Info: Setting dayrom sub-encoding to TS1/3 on input line 303.
Package textcomp Info: Setting dayroms sub-encoding to TS1/3 on input line 304.

Package textcomp Info: Setting pxr sub-encoding to TS1/0 on input line 305.
Package textcomp Info: Setting pxss sub-encoding to TS1/0 on input line 306.
Package textcomp Info: Setting pxtt sub-encoding to TS1/0 on input line 307.
Package textcomp Info: Setting txr sub-encoding to TS1/0 on input line 308.
Package textcomp Info: Setting txss sub-encoding to TS1/0 on input line 309.
Package textcomp Info: Setting txtt sub-encoding to TS1/0 on input line 310.
Package textcomp Info: Setting lmr sub-encoding to TS1/0 on input line 311.
Package textcomp Info: Setting lmdh sub-encoding to TS1/0 on input line 312.
Package textcomp Info: Setting lmss sub-encoding to TS1/0 on input line 313.
Package textcomp Info: Setting lmssq sub-encoding to TS1/0 on input line 314.
Package textcomp Info: Setting lmvtt sub-encoding to TS1/0 on input line 315.
Package textcomp Info: Setting qhv sub-encoding to TS1/0 on input line 316.
Package textcomp Info: Setting qag sub-encoding to TS1/0 on input line 317.
Package textcomp Info: Setting qbk sub-encoding to TS1/0 on input line 318.
Package textcomp Info: Setting qcr sub-encoding to TS1/0 on input line 319.
Package textcomp Info: Setting qcs sub-encoding to TS1/0 on input line 320.
Package textcomp Info: Setting qpl sub-encoding to TS1/0 on input line 321.
Package textcomp Info: Setting qtm sub-encoding to TS1/0 on input line 322.
Package textcomp Info: Setting qzc sub-encoding to TS1/0 on input line 323.
Package textcomp Info: Setting qhvc sub-encoding to TS1/0 on input line 324.
Package textcomp Info: Setting futs sub-encoding to TS1/4 on input line 325.
Package textcomp Info: Setting futx sub-encoding to TS1/4 on input line 326.
Package textcomp Info: Setting futj sub-encoding to TS1/4 on input line 327.
Package textcomp Info: Setting hlh sub-encoding to TS1/3 on input line 328.
Package textcomp Info: Setting hls sub-encoding to TS1/3 on input line 329.
Package textcomp Info: Setting hlst sub-encoding to TS1/3 on input line 330.
Package textcomp Info: Setting hlct sub-encoding to TS1/5 on input line 331.
Package textcomp Info: Setting hlx sub-encoding to TS1/5 on input line 332.
Package textcomp Info: Setting hlce sub-encoding to TS1/5 on input line 333.
Package textcomp Info: Setting hlcn sub-encoding to TS1/5 on input line 334.
Package textcomp Info: Setting hlcw sub-encoding to TS1/5 on input line 335.
Package textcomp Info: Setting hlcf sub-encoding to TS1/5 on input line 336.
Package textcomp Info: Setting pplx sub-encoding to TS1/3 on input line 337.
Package textcomp Info: Setting pplj sub-encoding to TS1/3 on input line 338.
Package textcomp Info: Setting ptmx sub-encoding to TS1/4 on input line 339.
Package textcomp Info: Setting ptmj sub-encoding to TS1/4 on input line 340.
)
(/usr/local/texlive/2013/texmf-dist/tex/latex/base/fontenc.sty
Package: fontenc 2005/09/27 v1.99g Standard LaTeX package
)
(/usr/local/texlive/2013/texmf-dist/tex/latex/fontaxes/fontaxes.sty
Package: fontaxes 2011/12/16 v1.0c Font selection axes
LaTeX Info: Redefining \upshape on input line 29.
LaTeX Info: Redefining \itshape on input line 31.
LaTeX Info: Redefining \slshape on input line 33.
LaTeX Info: Redefining \scshape on input line 37.
)
LaTeX Info: Redefining \oldstylenums on input line 439.

(/usr/local/texlive/2013/texmf-dist/tex/latex/libertine/LinLibertine_I.tex))
(/usr/local/texlive/2013/texmf-dist/tex/latex/geometry/geometry.sty
Package: geometry 2010/09/12 v5.6 Page Geometry

(/usr/local/texlive/2013/texmf-dist/tex/generic/oberdiek/ifpdf.sty
Package: ifpdf 2011/01/30 v2.3 Provides the ifpdf switch (HO)
Package ifpdf Info: pdfTeX in PDF mode is detected.
)
(/usr/local/texlive/2013/texmf-dist/tex/generic/oberdiek/ifvtex.sty
Package: ifvtex 2010/03/01 v1.5 Detect VTeX and its facilities (HO)
Package ifvtex Info: VTeX not detected.
)
\Gm@cnth=\count88
\Gm@cntv=\count89
\c@Gm@tempcnt=\count90
\Gm@bindingoffset=\dimen103
\Gm@wd@mp=\dimen104
\Gm@odd@mp=\dimen105
\Gm@even@mp=\dimen106
\Gm@layoutwidth=\dimen107
\Gm@layoutheight=\dimen108
\Gm@layouthoffset=\dimen109
\Gm@layoutvoffset=\dimen110
\Gm@dimlist=\toks16
)
(/usr/local/texlive/2013/texmf-dist/tex/latex/graphics/graphicx.sty
Package: graphicx 1999/02/16 v1.0f Enhanced LaTeX Graphics (DPC,SPQR)

(/usr/local/texlive/2013/texmf-dist/tex/latex/graphics/graphics.sty
Package: graphics 2009/02/05 v1.0o Standard LaTeX Graphics (DPC,SPQR)

(/usr/local/texlive/2013/texmf-dist/tex/latex/graphics/trig.sty
Package: trig 1999/03/16 v1.09 sin cos tan (DPC)
)
(/usr/local/texlive/2013/texmf-dist/tex/latex/latexconfig/graphics.cfg
File: graphics.cfg 2010/04/23 v1.9 graphics configuration of TeX Live
)
Package graphics Info: Driver file: pdftex.def on input line 91.

(/usr/local/texlive/2013/texmf-dist/tex/latex/pdftex-def/pdftex.def
File: pdftex.def 2011/05/27 v0.06d Graphics/color for pdfTeX

(/usr/local/texlive/2013/texmf-dist/tex/generic/oberdiek/infwarerr.sty
Package: infwarerr 2010/04/08 v1.3 Providing info/warning/error messages (HO)
)
(/usr/local/texlive/2013/texmf-dist/tex/generic/oberdiek/ltxcmds.sty
Package: ltxcmds 2011/11/09 v1.22 LaTeX kernel commands for general use (HO)
)
\Gread@gobject=\count91
))
\Gin@req@height=\dimen111
\Gin@req@width=\dimen112
)
(/usr/local/texlive/2013/texmf-dist/tex/latex/subfigure/subfigure.sty
Package: subfigure 2002/03/15 v2.1.5 subfigure package
\subfigtopskip=\skip43
\subfigcapskip=\skip44
\subfigcaptopadj=\dimen113
\subfigbottomskip=\skip45
\subfigcapmargin=\dimen114
\subfiglabelskip=\skip46
\c@subfigure=\count92
\c@lofdepth=\count93
\c@subtable=\count94
\c@lotdepth=\count95

****************************************
* Local config file subfigure.cfg used *
****************************************
(/usr/local/texlive/2013/texmf-dist/tex/latex/subfigure/subfigure.cfg)
\subfig@top=\skip47
\subfig@bottom=\skip48
)
(/usr/local/texlive/2013/texmf-dist/tex/latex/oberdiek/epstopdf.sty
Package: epstopdf 2010/02/09 v2.5 Conversion with epstopdf on the fly (HO)

(/usr/local/texlive/2013/texmf-dist/tex/latex/oberdiek/epstopdf-base.sty
Package: epstopdf-base 2010/02/09 v2.5 Base part for package epstopdf

(/usr/local/texlive/2013/texmf-dist/tex/latex/oberdiek/grfext.sty
Package: grfext 2010/08/19 v1.1 Manage graphics extensions (HO)

(/usr/local/texlive/2013/texmf-dist/tex/generic/oberdiek/kvdefinekeys.sty
Package: kvdefinekeys 2011/04/07 v1.3 Define keys (HO)
))
(/usr/local/texlive/2013/texmf-dist/tex/latex/oberdiek/kvoptions.sty
Package: kvoptions 2011/06/30 v3.11 Key value format for package options (HO)

(/usr/local/texlive/2013/texmf-dist/tex/generic/oberdiek/kvsetkeys.sty
Package: kvsetkeys 2012/04/25 v1.16 Key value parser (HO)

(/usr/local/texlive/2013/texmf-dist/tex/generic/oberdiek/etexcmds.sty
Package: etexcmds 2011/02/16 v1.5 Avoid name clashes with e-TeX commands (HO)
Package etexcmds Info: Could not find \expanded.
(etexcmds)             That can mean that you are not using pdfTeX 1.50 or
(etexcmds)             that some package has redefined \expanded.
(etexcmds)             In the latter case, load this package earlier.
)))
(/usr/local/texlive/2013/texmf-dist/tex/generic/oberdiek/pdftexcmds.sty
Package: pdftexcmds 2011/11/29 v0.20 Utility functions of pdfTeX for LuaTeX (HO
)
Package pdftexcmds Info: LuaTeX not detected.
Package pdftexcmds Info: \pdf@primitive is available.
Package pdftexcmds Info: \pdf@ifprimitive is available.
Package pdftexcmds Info: \pdfdraftmode found.
)
Package grfext Info: Graphics extension search list:
(grfext)             [.png,.pdf,.jpg,.mps,.jpeg,.jbig2,.jb2,.PNG,.PDF,.JPG,.JPE
G,.JBIG2,.JB2,.eps]
(grfext)             \AppendGraphicsExtensions on input line 452.

(/usr/local/texlive/2013/texmf-dist/tex/latex/latexconfig/epstopdf-sys.cfg
File: epstopdf-sys.cfg 2010/07/13 v1.3 Configuration of (r)epstopdf for TeX Liv
e
)))
(/usr/local/texlive/2013/texmf-dist/tex/latex/float/float.sty
Package: float 2001/11/08 v1.3d Float enhancements (AL)
\c@float@type=\count96
\float@exts=\toks17
\float@box=\box26
\@float@everytoks=\toks18
\@floatcapt=\box27
)
(/usr/local/texlive/2013/texmf-dist/tex/latex/caption/caption.sty
Package: caption 2013/05/02 v3.3-89 Customizing captions (AR)

(/usr/local/texlive/2013/texmf-dist/tex/latex/caption/caption3.sty
Package: caption3 2013/05/02 v1.6-88 caption3 kernel (AR)
Package caption3 Info: TeX engine: e-TeX on input line 57.
\captionmargin=\dimen115
\captionmargin@=\dimen116
\captionwidth=\dimen117
\caption@tempdima=\dimen118
\caption@indent=\dimen119
\caption@parindent=\dimen120
\caption@hangindent=\dimen121
)
\c@ContinuedFloat=\count97
Package caption Info: float package is loaded.
Package caption Info: subfigure package is loaded.
)
(/usr/local/texlive/2013/texmf-dist/tex/latex/graphics/lscape.sty
Package: lscape 2000/10/22 v3.01 Landscape Pages (DPC)
)
(./Screenshots.aux)
\openout1 = `Screenshots.aux'.

LaTeX Font Info:    Checking defaults for OML/cmm/m/it on input line 19.
LaTeX Font Info:    ... okay on input line 19.
LaTeX Font Info:    Checking defaults for T1/cmr/m/n on input line 19.
LaTeX Font Info:    ... okay on input line 19.
LaTeX Font Info:    Checking defaults for OT1/cmr/m/n on input line 19.
LaTeX Font Info:    ... okay on input line 19.
LaTeX Font Info:    Checking defaults for OMS/cmsy/m/n on input line 19.
LaTeX Font Info:    ... okay on input line 19.
LaTeX Font Info:    Checking defaults for OMX/cmex/m/n on input line 19.
LaTeX Font Info:    ... okay on input line 19.
LaTeX Font Info:    Checking defaults for U/cmr/m/n on input line 19.
LaTeX Font Info:    ... okay on input line 19.
LaTeX Font Info:    Checking defaults for TS1/cmr/m/n on input line 19.
LaTeX Font Info:    Try loading font information for TS1+cmr on input line 19.

(/usr/local/texlive/2013/texmf-dist/tex/latex/base/ts1cmr.fd
File: ts1cmr.fd 1999/05/25 v2.5h Standard LaTeX font definitions
)
LaTeX Font Info:    ... okay on input line 19.
LaTeX Font Info:    Try loading font information for T1+LinuxLibertineT-TLF on 
input line 19.

(/usr/local/texlive/2013/texmf-dist/tex/latex/libertine/T1LinuxLibertineT-TLF.f
d
File: T1LinuxLibertineT-TLF.fd 2012/11/26 (autoinst) Font definitions for T1/Li
nuxLibertineT-TLF.
)
LaTeX Font Info:    Font shape `T1/LinuxLibertineT-TLF/m/n' will be
(Font)              scaled to size 12.0pt on input line 19.
\c@mv@tabular=\count98
\c@mv@boldtabular=\count99

*geometry* driver: auto-detecting
*geometry* detected driver: pdftex
*geometry* verbose mode - [ preamble ] result:
* driver: pdftex
* paper: <default>
* layout: <same size as paper>
* layoutoffset:(h,v)=(0.0pt,0.0pt)
* modes: 
* h-part:(L,W,R)=(72.26999pt, 469.75502pt, 72.26999pt)
* v-part:(T,H,B)=(72.26999pt, 650.43001pt, 72.26999pt)
* \paperwidth=614.295pt
* \paperheight=794.96999pt
* \textwidth=469.75502pt
* \textheight=650.43001pt
* \oddsidemargin=0.0pt
* \evensidemargin=0.0pt
* \topmargin=-37.0pt
* \headheight=12.0pt
* \headsep=25.0pt
* \topskip=12.0pt
* \footskip=30.0pt
* \marginparwidth=44.0pt
* \marginparsep=10.0pt
* \columnsep=10.0pt
* \skip\footins=10.8pt plus 4.0pt minus 2.0pt
* \hoffset=0.0pt
* \voffset=0.0pt
* \mag=1000
* \@twocolumnfalse
* \@twosidefalse
* \@mparswitchfalse
* \@reversemarginfalse
* (1in=72.27pt=25.4mm, 1cm=28.453pt)

(/usr/local/texlive/2013/texmf-dist/tex/context/base/supp-pdf.mkii
[Loading MPS to PDF converter (version 2006.09.02).]
\scratchcounter=\count100
\scratchdimen=\dimen122
\scratchbox=\box28
\nofMPsegments=\count101
\nofMParguments=\count102
\everyMPshowfont=\toks19
\MPscratchCnt=\count103
\MPscratchDim=\dimen123
\MPnumerator=\count104
\makeMPintoPDFobject=\count105
\everyMPtoPDFconversion=\toks20
)
Package caption Info: Begin \AtBeginDocument code.
Package caption Info: End \AtBeginDocument code.
LaTeX Font Info:    Font shape `T1/LinuxLibertineT-TLF/m/n' will be
(Font)              scaled to size 17.28pt on input line 24.
LaTeX Font Info:    Font shape `T1/LinuxLibertineT-TLF/b/n' will be
(Font)              scaled to size 17.28pt on input line 24.
LaTeX Font Info:    Font shape `T1/LinuxLibertineT-TLF/b/sc' will be
(Font)              scaled to size 17.28pt on input line 24.
Package epstopdf Info: Source file: <sorting2.eps>
(epstopdf)                    date: 2014-02-07 11:27:44
(epstopdf)                    size: 875651 bytes
(epstopdf)             Output file: <sorting2-eps-converted-to.pdf>
(epstopdf)                    date: 2014-02-07 12:26:52
(epstopdf)                    size: 44738 bytes
(epstopdf)             Command: <repstopdf --outfile=sorting2-eps-converted-to.
pdf sorting2.eps>
(epstopdf)             \includegraphics on input line 28.
Package epstopdf Info: Output file is already uptodate.
 <sorting2-eps-converted-to.pdf, id=1, 387.4475pt x 300.12125pt>
File: sorting2-eps-converted-to.pdf Graphic file (type pdf)

<use sorting2-eps-converted-to.pdf>
Package pdftex.def Info: sorting2-eps-converted-to.pdf used on input line 28.
(pdftex.def)             Requested size: 480.0pt x 371.82135pt.

Overfull \hbox (10.24498pt too wide) in paragraph at lines 28--29
[][] 
 []

LaTeX Font Info:    Font shape `T1/LinuxLibertineT-TLF/m/n' will be
(Font)              scaled to size 10.0pt on input line 29.
LaTeX Font Info:    Font shape `T1/LinuxLibertineT-TLF/b/n' will be
(Font)              scaled to size 10.0pt on input line 29.
[1

{/usr/local/texlive/2013/texmf-var/fonts/map/pdftex/updmap/pdftex.map} <./sorti
ng2-eps-converted-to.pdf>]
Package epstopdf Info: Source file: <waitingscreen.eps>
(epstopdf)                    date: 2014-02-07 12:42:19
(epstopdf)                    size: 833184 bytes
(epstopdf)             Output file: <waitingscreen-eps-converted-to.pdf>
(epstopdf)                    date: 2014-02-07 12:43:54
(epstopdf)                    size: 38625 bytes
(epstopdf)             Command: <repstopdf --outfile=waitingscreen-eps-converte
d-to.pdf waitingscreen.eps>
(epstopdf)             \includegraphics on input line 36.
Package epstopdf Info: Output file is already uptodate.

<waitingscreen-eps-converted-to.pdf, id=13, 387.4475pt x 303.1325pt>
File: waitingscreen-eps-converted-to.pdf Graphic file (type pdf)

<use waitingscreen-eps-converted-to.pdf>
Package pdftex.def Info: waitingscreen-eps-converted-to.pdf used on input line 
36.
(pdftex.def)             Requested size: 480.0pt x 375.552pt.

Overfull \hbox (10.24498pt too wide) in paragraph at lines 36--37
[][] 
 []

[2 <./waitingscreen-eps-converted-to.pdf>]
Package epstopdf Info: Source file: <communication.eps>
(epstopdf)                    date: 2014-02-07 12:48:32
(epstopdf)                    size: 864677 bytes
(epstopdf)             Output file: <communication-eps-converted-to.pdf>
(epstopdf)                    date: 2014-02-07 12:48:38
(epstopdf)                    size: 53019 bytes
(epstopdf)             Command: <repstopdf --outfile=communication-eps-converte
d-to.pdf communication.eps>
(epstopdf)             \includegraphics on input line 44.
Package epstopdf Info: Output file is already uptodate.

<communication-eps-converted-to.pdf, id=22, 387.4475pt x 296.10625pt>
File: communication-eps-converted-to.pdf Graphic file (type pdf)

<use communication-eps-converted-to.pdf>
Package pdftex.def Info: communication-eps-converted-to.pdf used on input line 
44.
(pdftex.def)             Requested size: 480.0pt x 366.84715pt.

Overfull \hbox (10.24498pt too wide) in paragraph at lines 44--45
[][] 
 []

[3 <./communication-eps-converted-to.pdf>]
Package epstopdf Info: Source file: <investment.eps>
(epstopdf)                    date: 2014-02-07 12:46:10
(epstopdf)                    size: 1178003 bytes
(epstopdf)             Output file: <investment-eps-converted-to.pdf>
(epstopdf)                    date: 2014-02-07 12:46:27
(epstopdf)                    size: 101229 bytes
(epstopdf)             Command: <repstopdf --outfile=investment-eps-converted-t
o.pdf investment.eps>
(epstopdf)             \includegraphics on input line 52.
Package epstopdf Info: Output file is already uptodate.

<investment-eps-converted-to.pdf, id=30, 387.4475pt x 305.14pt>
File: investment-eps-converted-to.pdf Graphic file (type pdf)

<use investment-eps-converted-to.pdf>
Package pdftex.def Info: investment-eps-converted-to.pdf used on input line 52.

(pdftex.def)             Requested size: 480.0pt x 378.0391pt.

Overfull \hbox (10.24498pt too wide) in paragraph at lines 52--53
[][] 
 []

[4 <./investment-eps-converted-to.pdf>]
Package epstopdf Info: Source file: <initialpayoff.eps>
(epstopdf)                    date: 2014-02-07 12:51:36
(epstopdf)                    size: 995874 bytes
(epstopdf)             Output file: <initialpayoff-eps-converted-to.pdf>
(epstopdf)                    date: 2014-02-07 12:56:03
(epstopdf)                    size: 63236 bytes
(epstopdf)             Command: <repstopdf --outfile=initialpayoff-eps-converte
d-to.pdf initialpayoff.eps>
(epstopdf)             \includegraphics on input line 60.
Package epstopdf Info: Output file is already uptodate.

<initialpayoff-eps-converted-to.pdf, id=38, 387.4475pt x 294.09875pt>
File: initialpayoff-eps-converted-to.pdf Graphic file (type pdf)

<use initialpayoff-eps-converted-to.pdf>
Package pdftex.def Info: initialpayoff-eps-converted-to.pdf used on input line 
60.
(pdftex.def)             Requested size: 480.0pt x 364.36005pt.

Overfull \hbox (10.24498pt too wide) in paragraph at lines 60--61
[][] 
 []

[5 <./initialpayoff-eps-converted-to.pdf>]
Package epstopdf Info: Source file: <deductionsZM.eps>
(epstopdf)                    date: 2014-02-07 12:53:56
(epstopdf)                    size: 1033420 bytes
(epstopdf)             Output file: <deductionsZM-eps-converted-to.pdf>
(epstopdf)                    date: 2014-02-07 12:56:03
(epstopdf)                    size: 76774 bytes
(epstopdf)             Command: <repstopdf --outfile=deductionsZM-eps-converted
-to.pdf deductionsZM.eps>
(epstopdf)             \includegraphics on input line 68.
Package epstopdf Info: Output file is already uptodate.

<deductionsZM-eps-converted-to.pdf, id=46, 387.4475pt x 291.0875pt>
File: deductionsZM-eps-converted-to.pdf Graphic file (type pdf)

<use deductionsZM-eps-converted-to.pdf>
Package pdftex.def Info: deductionsZM-eps-converted-to.pdf used on input line 6
8.
(pdftex.def)             Requested size: 480.0pt x 360.6294pt.

Overfull \hbox (10.24498pt too wide) in paragraph at lines 68--69
[][] 
 []

[6 <./deductionsZM-eps-converted-to.pdf>]
Package epstopdf Info: Source file: <finalpayoff1.eps>
(epstopdf)                    date: 2014-02-07 12:55:15
(epstopdf)                    size: 1011237 bytes
(epstopdf)             Output file: <finalpayoff1-eps-converted-to.pdf>
(epstopdf)                    date: 2014-02-07 12:56:04
(epstopdf)                    size: 61351 bytes
(epstopdf)             Command: <repstopdf --outfile=finalpayoff1-eps-converted
-to.pdf finalpayoff1.eps>
(epstopdf)             \includegraphics on input line 76.
Package epstopdf Info: Output file is already uptodate.

<finalpayoff1-eps-converted-to.pdf, id=54, 387.4475pt x 304.13625pt>
File: finalpayoff1-eps-converted-to.pdf Graphic file (type pdf)

<use finalpayoff1-eps-converted-to.pdf>
Package pdftex.def Info: finalpayoff1-eps-converted-to.pdf used on input line 7
6.
(pdftex.def)             Requested size: 480.0pt x 376.79555pt.

Overfull \hbox (10.24498pt too wide) in paragraph at lines 76--77
[][] 
 []

[7 <./finalpayoff1-eps-converted-to.pdf>]
Package epstopdf Info: Source file: <finalpayoff2ZM.eps>
(epstopdf)                    date: 2014-02-07 12:55:59
(epstopdf)                    size: 913065 bytes
(epstopdf)             Output file: <finalpayoff2ZM-eps-converted-to.pdf>
(epstopdf)                    date: 2014-02-07 12:56:04
(epstopdf)                    size: 50187 bytes
(epstopdf)             Command: <repstopdf --outfile=finalpayoff2ZM-eps-convert
ed-to.pdf finalpayoff2ZM.eps>
(epstopdf)             \includegraphics on input line 84.
Package epstopdf Info: Output file is already uptodate.

<finalpayoff2ZM-eps-converted-to.pdf, id=63, 387.4475pt x 302.12875pt>
File: finalpayoff2ZM-eps-converted-to.pdf Graphic file (type pdf)

<use finalpayoff2ZM-eps-converted-to.pdf>
Package pdftex.def Info: finalpayoff2ZM-eps-converted-to.pdf used on input line
 84.
(pdftex.def)             Requested size: 480.0pt x 374.30846pt.

Overfull \hbox (10.24498pt too wide) in paragraph at lines 84--85
[][] 
 []

[8 <./finalpayoff2ZM-eps-converted-to.pdf>] (./Screenshots.aux) ) 
Here is how much of TeX's memory you used:
 5023 strings out of 493315
 83650 string characters out of 6137904
 132909 words of memory out of 5000000
 8398 multiletter control sequences out of 15000+600000
 33857 words of font info for 25 fonts, out of 8000000 for 9000
 957 hyphenation exceptions out of 8191
 53i,5n,92p,332b,370s stack positions out of 5000i,500n,10000p,200000b,80000s
{/usr/local/te
xlive/2013/texmf-dist/fonts/enc/dvips/libertine/lbtn_76gpa5.enc}{/usr/local/tex
live/2013/texmf-dist/fonts/enc/dvips/libertine/lbtn_nh77jq.enc}{/usr/local/texl
ive/2013/texmf-dist/fonts/enc/dvips/libertine/lbtn_tlukpt.enc}</usr/local/texli
ve/2013/texmf-dist/fonts/type1/public/libertine/LinLibertineT.pfb></usr/local/t
exlive/2013/texmf-dist/fonts/type1/public/libertine/LinLibertineTB.pfb>
Output written on Screenshots.pdf (8 pages, 644409 bytes).
PDF statistics:
 84 PDF objects out of 1000 (max. 8388607)
 47 compressed objects within 1 object stream
 0 named destinations out of 1000 (max. 500000)
 41 words of extra memory for PDF output out of 10000 (max. 10000000)

